[0.424s] Invoking command in '/home/xy/ros2_isaac_communicate/ros2_ws/src/robot_controller': CONDA_PROMPT_MODIFIER=(base) PYTHONPATH=/home/xy/ros2_isaac_communicate/ros2_ws/build/robot_controller/prefix_override:/usr/lib/python3/dist-packages/colcon_core/task/python/colcon_distutils_commands:/home/xy/ros2_isaac_communicate/ros2_ws/install/robot_controller/lib/python3.10/site-packages:${PYTHONPATH} /usr/bin/python3 -W ignore:setup.py install is deprecated setup.py egg_info --egg-base ../../build/robot_controller build --build-base /home/xy/ros2_isaac_communicate/ros2_ws/build/robot_controller/build install --record /home/xy/ros2_isaac_communicate/ros2_ws/build/robot_controller/install.log --single-version-externally-managed install_data
[0.563s] running egg_info
[0.563s] writing ../../build/robot_controller/robot_controller.egg-info/PKG-INFO
[0.563s] writing dependency_links to ../../build/robot_controller/robot_controller.egg-info/dependency_links.txt
[0.563s] writing entry points to ../../build/robot_controller/robot_controller.egg-info/entry_points.txt
[0.563s] writing requirements to ../../build/robot_controller/robot_controller.egg-info/requires.txt
[0.563s] writing top-level names to ../../build/robot_controller/robot_controller.egg-info/top_level.txt
[0.564s] reading manifest file '../../build/robot_controller/robot_controller.egg-info/SOURCES.txt'
[0.564s] writing manifest file '../../build/robot_controller/robot_controller.egg-info/SOURCES.txt'
[0.564s] running build
[0.565s] running build_py
[0.565s] copying robot_controller/robot_controller.py -> /home/xy/ros2_isaac_communicate/ros2_ws/build/robot_controller/build/lib/robot_controller
[0.565s] running install
[0.565s] running install_lib
[0.565s] copying /home/xy/ros2_isaac_communicate/ros2_ws/build/robot_controller/build/lib/robot_controller/robot_controller.py -> /home/xy/ros2_isaac_communicate/ros2_ws/install/robot_controller/lib/python3.10/site-packages/robot_controller
[0.566s] byte-compiling /home/xy/ros2_isaac_communicate/ros2_ws/install/robot_controller/lib/python3.10/site-packages/robot_controller/robot_controller.py to robot_controller.cpython-310.pyc
[0.566s] running install_data
[0.566s] running install_egg_info
[0.568s] removing '/home/xy/ros2_isaac_communicate/ros2_ws/install/robot_controller/lib/python3.10/site-packages/robot_controller-0.0.0-py3.10.egg-info' (and everything under it)
[0.568s] Copying ../../build/robot_controller/robot_controller.egg-info to /home/xy/ros2_isaac_communicate/ros2_ws/install/robot_controller/lib/python3.10/site-packages/robot_controller-0.0.0-py3.10.egg-info
[0.568s] running install_scripts
[0.580s] Installing robot_controller script to /home/xy/ros2_isaac_communicate/ros2_ws/install/robot_controller/lib/robot_controller
[0.580s] writing list of installed files to '/home/xy/ros2_isaac_communicate/ros2_ws/build/robot_controller/install.log'
[0.595s] Invoked command in '/home/xy/ros2_isaac_communicate/ros2_ws/src/robot_controller' returned '0': CONDA_PROMPT_MODIFIER=(base) PYTHONPATH=/home/xy/ros2_isaac_communicate/ros2_ws/build/robot_controller/prefix_override:/usr/lib/python3/dist-packages/colcon_core/task/python/colcon_distutils_commands:/home/xy/ros2_isaac_communicate/ros2_ws/install/robot_controller/lib/python3.10/site-packages:${PYTHONPATH} /usr/bin/python3 -W ignore:setup.py install is deprecated setup.py egg_info --egg-base ../../build/robot_controller build --build-base /home/xy/ros2_isaac_communicate/ros2_ws/build/robot_controller/build install --record /home/xy/ros2_isaac_communicate/ros2_ws/build/robot_controller/install.log --single-version-externally-managed install_data
